# JRE version: Java(TM) SE Runtime Environment (8.0_201-b09) (build 1.8.0_201-b09)
# Java VM: Java HotSpot(TM) 64-Bit Server VM (25.201-b09 mixed mode windows-amd64 compressed oops)
Heap:
 PSYoungGen      total 401920K, used 346368K [0x00000000d5580000, 0x00000000fae80000, 0x0000000100000000)
  eden space 222720K, 96% used [0x00000000d5580000,0x00000000e285e9b0,0x00000000e2f00000)
  from space 179200K, 72% used [0x00000000e2f00000,0x00000000eae61650,0x00000000ede00000)
  to   space 189952K, 0% used [0x00000000ef500000,0x00000000ef500000,0x00000000fae80000)
 ParOldGen       total 184320K, used 147266K [0x0000000080000000, 0x000000008b400000, 0x00000000d5580000)
  object space 184320K, 79% used [0x0000000080000000,0x0000000088fd0bf8,0x000000008b400000)
 Metaspace       used 40224K, capacity 56034K, committed 56280K, reserved 1099776K
  class space    used 4319K, capacity 5554K, committed 5632K, reserved 1048576K
GC Heap History (10 events):
Event: 86.445 GC heap before
{Heap before GC invocations=34 (full 5):
 PSYoungGen      total 315904K, used 297078K [0x00000000d5580000, 0x00000000f2500000, 0x0000000100000000)
  eden space 196608K, 100% used [0x00000000d5580000,0x00000000e1580000,0x00000000e1580000)
  from space 119296K, 84% used [0x00000000e9680000,0x00000000ef89db08,0x00000000f0b00000)
  to   space 132096K, 0% used [0x00000000e1580000,0x00000000e1580000,0x00000000e9680000)
 ParOldGen       total 184320K, used 140725K [0x0000000080000000, 0x000000008b400000, 0x00000000d5580000)
  object space 184320K, 76% used [0x0000000080000000,0x000000008896d518,0x000000008b400000)
 Metaspace       used 37786K, capacity 52380K, committed 52696K, reserved 1097728K
  class space    used 4101K, capacity 5251K, committed 5376K, reserved 1048576K
Event: 86.526 GC heap after
Heap after GC invocations=34 (full 5):
 PSYoungGen      total 328704K, used 111669K [0x00000000d5580000, 0x00000000f4d80000, 0x0000000100000000)
  eden space 196608K, 0% used [0x00000000d5580000,0x00000000d5580000,0x00000000e1580000)
  from space 132096K, 84% used [0x00000000e1580000,0x00000000e828d540,0x00000000e9680000)
  to   space 146432K, 0% used [0x00000000ebe80000,0x00000000ebe80000,0x00000000f4d80000)
 ParOldGen       total 184320K, used 147234K [0x0000000080000000, 0x000000008b400000, 0x00000000d5580000)
  object space 184320K, 79% used [0x0000000080000000,0x0000000088fc8bf8,0x000000008b400000)
 Metaspace       used 37786K, capacity 52380K, committed 52696K, reserved 1097728K
  class space    used 4101K, capacity 5251K, committed 5376K, reserved 1048576K
}
Event: 93.993 GC heap before
{Heap before GC invocations=35 (full 5):
 PSYoungGen      total 328704K, used 308277K [0x00000000d5580000, 0x00000000f4d80000, 0x0000000100000000)
  eden space 196608K, 100% used [0x00000000d5580000,0x00000000e1580000,0x00000000e1580000)
  from space 132096K, 84% used [0x00000000e1580000,0x00000000e828d540,0x00000000e9680000)
  to   space 146432K, 0% used [0x00000000ebe80000,0x00000000ebe80000,0x00000000f4d80000)
 ParOldGen       total 184320K, used 147234K [0x0000000080000000, 0x000000008b400000, 0x00000000d5580000)
  object space 184320K, 79% used [0x0000000080000000,0x0000000088fc8bf8,0x000000008b400000)
 Metaspace       used 38154K, capacity 52748K, committed 52952K, reserved 1097728K
  class space    used 4120K, capacity 5285K, committed 5376K, reserved 1048576K
Event: 94.122 GC heap after
Heap after GC invocations=35 (full 5):
 PSYoungGen      total 355840K, used 118589K [0x00000000d5580000, 0x00000000f6600000, 0x0000000100000000)
  eden space 209408K, 0% used [0x00000000d5580000,0x00000000d5580000,0x00000000e2200000)
  from space 146432K, 80% used [0x00000000ebe80000,0x00000000f324f5c8,0x00000000f4d80000)
  to   space 160256K, 0% used [0x00000000e2200000,0x00000000e2200000,0x00000000ebe80000)
 ParOldGen       total 184320K, used 147242K [0x0000000080000000, 0x000000008b400000, 0x00000000d5580000)
  object space 184320K, 79% used [0x0000000080000000,0x0000000088fcabf8,0x000000008b400000)
 Metaspace       used 38154K, capacity 52748K, committed 52952K, reserved 1097728K
  class space    used 4120K, capacity 5285K, committed 5376K, reserved 1048576K
}
Event: 150.253 GC heap before
{Heap before GC invocations=36 (full 5):
 PSYoungGen      total 355840K, used 327997K [0x00000000d5580000, 0x00000000f6600000, 0x0000000100000000)
  eden space 209408K, 100% used [0x00000000d5580000,0x00000000e2200000,0x00000000e2200000)
  from space 146432K, 80% used [0x00000000ebe80000,0x00000000f324f5c8,0x00000000f4d80000)
  to   space 160256K, 0% used [0x00000000e2200000,0x00000000e2200000,0x00000000ebe80000)
 ParOldGen       total 184320K, used 147242K [0x0000000080000000, 0x000000008b400000, 0x00000000d5580000)
  object space 184320K, 79% used [0x0000000080000000,0x0000000088fcabf8,0x000000008b400000)
 Metaspace       used 38688K, capacity 53244K, committed 53464K, reserved 1097728K
  class space    used 4156K, capacity 5317K, committed 5376K, reserved 1048576K
Event: 150.331 GC heap after
Heap after GC invocations=36 (full 5):
 PSYoungGen      total 369664K, used 117587K [0x00000000d5580000, 0x00000000f8500000, 0x0000000100000000)
  eden space 209408K, 0% used [0x00000000d5580000,0x00000000d5580000,0x00000000e2200000)
  from space 160256K, 73% used [0x00000000e2200000,0x00000000e94d4fb0,0x00000000ebe80000)
  to   space 171008K, 0% used [0x00000000ede00000,0x00000000ede00000,0x00000000f8500000)
 ParOldGen       total 184320K, used 147250K [0x0000000080000000, 0x000000008b400000, 0x00000000d5580000)
  object space 184320K, 79% used [0x0000000080000000,0x0000000088fccbf8,0x000000008b400000)
 Metaspace       used 38688K, capacity 53244K, committed 53464K, reserved 1097728K
  class space    used 4156K, capacity 5317K, committed 5376K, reserved 1048576K
}
Event: 1505.347 GC heap before
{Heap before GC invocations=37 (full 5):
 PSYoungGen      total 369664K, used 326995K [0x00000000d5580000, 0x00000000f8500000, 0x0000000100000000)
  eden space 209408K, 100% used [0x00000000d5580000,0x00000000e2200000,0x00000000e2200000)
  from space 160256K, 73% used [0x00000000e2200000,0x00000000e94d4fb0,0x00000000ebe80000)
  to   space 171008K, 0% used [0x00000000ede00000,0x00000000ede00000,0x00000000f8500000)
 ParOldGen       total 184320K, used 147250K [0x0000000080000000, 0x000000008b400000, 0x00000000d5580000)
  object space 184320K, 79% used [0x0000000080000000,0x0000000088fccbf8,0x000000008b400000)
 Metaspace       used 39388K, capacity 54282K, committed 54616K, reserved 1097728K
  class space    used 4219K, capacity 5410K, committed 5504K, reserved 1048576K
Event: 1505.524 GC heap after
Heap after GC invocations=37 (full 5):
 PSYoungGen      total 393728K, used 119571K [0x00000000d5580000, 0x00000000f9100000, 0x0000000100000000)
  eden space 222720K, 0% used [0x00000000d5580000,0x00000000d5580000,0x00000000e2f00000)
  from space 171008K, 69% used [0x00000000ede00000,0x00000000f52c4f40,0x00000000f8500000)
  to   space 179200K, 0% used [0x00000000e2f00000,0x00000000e2f00000,0x00000000ede00000)
 ParOldGen       total 184320K, used 147258K [0x0000000080000000, 0x000000008b400000, 0x00000000d5580000)
  object space 184320K, 79% used [0x0000000080000000,0x0000000088fcebf8,0x000000008b400000)
 Metaspace       used 39388K, capacity 54282K, committed 54616K, reserved 1097728K
  class space    used 4219K, capacity 5410K, committed 5504K, reserved 1048576K
}
Event: 1946.069 GC heap before
{Heap before GC invocations=38 (full 5):
 PSYoungGen      total 393728K, used 342291K [0x00000000d5580000, 0x00000000f9100000, 0x0000000100000000)
  eden space 222720K, 100% used [0x00000000d5580000,0x00000000e2f00000,0x00000000e2f00000)
  from space 171008K, 69% used [0x00000000ede00000,0x00000000f52c4f40,0x00000000f8500000)
  to   space 179200K, 0% used [0x00000000e2f00000,0x00000000e2f00000,0x00000000ede00000)
 ParOldGen       total 184320K, used 147258K [0x0000000080000000, 0x000000008b400000, 0x00000000d5580000)
  object space 184320K, 79% used [0x0000000080000000,0x0000000088fcebf8,0x000000008b400000)
 Metaspace       used 39930K, capacity 55260K, committed 55512K, reserved 1099776K
  class space    used 4295K, capacity 5517K, committed 5632K, reserved 1048576K
Event: 1946.167 GC heap after
Heap after GC invocations=38 (full 5):
 PSYoungGen      total 401920K, used 130437K [0x00000000d5580000, 0x00000000fae80000, 0x0000000100000000)
  eden space 222720K, 0% used [0x00000000d5580000,0x00000000d5580000,0x00000000e2f00000)
  from space 179200K, 72% used [0x00000000e2f00000,0x00000000eae61650,0x00000000ede00000)
  to   space 189952K, 0% used [0x00000000ef500000,0x00000000ef500000,0x00000000fae80000)
 ParOldGen       total 184320K, used 147266K [0x0000000080000000, 0x000000008b400000, 0x00000000d5580000)
  object space 184320K, 79% used [0x0000000080000000,0x0000000088fd0bf8,0x000000008b400000)
 Metaspace       used 39930K, capacity 55260K, committed 55512K, reserved 1099776K
  class space    used 4295K, capacity 5517K, committed 5632K, reserved 1048576K
}

